19:45:45.297 [JavaFX Application Thread] DEBUG GameApplication      - Logger initialized
19:45:45.318 [JavaFX Application Thread] DEBUG GameApplication      - Logging settings
Title: BreakOut
Version: 
Width: 1000
Height: 780
Fullscreen: false
Intro: false
Menus: false
Profiling: false
Single step:false
App Mode: DEVELOPER
Menu Key: ESCAPE
Stage Style: DECORATED
Scene Factory: class com.almasb.fxgl.scene.SceneFactory
Dialog Factory: class com.almasb.fxgl.ui.FXGLDialogFactory
UI Factory: class com.almasb.fxgl.ui.FXGLUIFactory
Notification Service: class com.almasb.fxgl.gameplay.notification.XboxNotificationView
Exception Handler: class com.almasb.fxgl.app.FXGLExceptionHandler
19:45:45.319 [JavaFX Application Thread] DEBUG GameApplication      - Starting FXGL
19:45:45.331 [JavaFX Application Thread] INFO  FXGL                 - FXGL-0.5.4 on DESKTOP
19:45:45.332 [JavaFX Application Thread] INFO  FXGL                 - Source code and latest versions at: https://github.com/AlmasB/FXGL
19:45:45.332 [JavaFX Application Thread] INFO  FXGL                 -              Join the FXGL chat at: https://gitter.im/AlmasB/FXGL
19:45:45.333 [JavaFX Application Thread] DEBUG FXGL                 - FXGL started
19:45:45.333 [JavaFX Application Thread] DEBUG FXGL                 - Initializing FXGL
19:45:45.407 [JavaFX Application Thread] DEBUG AssetLoader          - Loading from disk: /assets/ui/cursors/fxgl_default.png
19:45:45.489 [JavaFX Application Thread] DEBUG AssetLoader          - Loading from disk: /assets/ui/fonts/VarelaRound-Regular.ttf
19:45:45.816 [JavaFX Application Thread] DEBUG MainWindow           - Creating a JavaFX scene
19:45:45.817 [JavaFX Application Thread] DEBUG MainWindow           - Target size > screen size
19:45:45.907 [JavaFX Application Thread] DEBUG MainWindow           - Target settings size: 1000.0 x 780.0
19:45:45.907 [JavaFX Application Thread] DEBUG MainWindow           - Scaled scene size:    846.0 x 679.0
19:45:45.907 [JavaFX Application Thread] DEBUG MainWindow           - Scaled ratio: (0.846, 0.8705128205128205)
19:45:45.912 [JavaFX Application Thread] DEBUG AssetLoader          - Loading from disk: /assets/ui/css/fxgl_dark.css
19:45:45.919 [JavaFX Application Thread] DEBUG AssetLoader          - Loading from disk: /assets/textures/fxgl_icon.png
19:45:45.949 [JavaFX Application Thread] DEBUG MainWindow           - Opening main window
19:45:46.379 [JavaFX Application Thread] DEBUG MainWindow           - Window border size: (4.0, 27.0)
19:45:46.379 [JavaFX Application Thread] DEBUG MainWindow           - Scaled size: 846.0 x 679.0
19:45:46.380 [JavaFX Application Thread] DEBUG MainWindow           - Scaled ratio: (0.846, 0.8705128205128205)
19:45:46.380 [JavaFX Application Thread] DEBUG MainWindow           - Scene size: 846.0 x 679.3333129882812
19:45:46.381 [JavaFX Application Thread] DEBUG MainWindow           - Stage size: 850.0 x 706.0
19:45:46.536 [ForkJoinPool.commonPool-worker-1] DEBUG FS                   - Loaded DesktopFSService
19:45:46.537 [ForkJoinPool.commonPool-worker-1] DEBUG FXGL                 - Loading FXGL system data
19:45:46.548 [ForkJoinPool.commonPool-worker-1] DEBUG DesktopFSService     - Reading from: system\fxgl.bundle
19:45:46.567 [ForkJoinPool.commonPool-worker-1] DEBUG Bundle               - Logging bundle: FXGL
19:45:46.570 [ForkJoinPool.commonPool-worker-1] DEBUG Bundle               - FXGL.offline.timer.version.check=2020-02-06T19:27:30.667
19:45:46.574 [ForkJoinPool.commonPool-worker-1] DEBUG FXGL                 - Initializing state machine and application states
19:45:46.577 [ForkJoinPool.commonPool-worker-1] DEBUG AssetLoader          - Loading from disk: /assets/ui/cursors/fxgl_default.png
19:45:46.591 [ForkJoinPool.commonPool-worker-1] DEBUG AssetLoader          - Loading from disk: /assets/ui/cursors/fxgl_default.png
19:45:46.607 [ForkJoinPool.commonPool-worker-1] DEBUG AssetLoader          - Loading from cache: /assets/ui/fonts/VarelaRound-Regular.ttf
19:45:46.612 [ForkJoinPool.commonPool-worker-1] DEBUG AssetLoader          - Loading from disk: /assets/ui/cursors/fxgl_default.png
19:45:46.642 [ForkJoinPool.commonPool-worker-1] DEBUG GameScene            - Game scene initialized: 1000x780
19:45:46.652 [ForkJoinPool.commonPool-worker-1] DEBUG GameWorld            - Game world initialized
19:45:46.789 [ForkJoinPool.commonPool-worker-1] DEBUG PhysicsWorld         - Physics world initialized: appHeight=780, physics.ppm=50.0
19:45:46.829 [ForkJoinPool.commonPool-worker-1] DEBUG Input                - Registered new binding: Pause - Esc
19:45:46.924 [JavaFX Application Thread] DEBUG FXGL                 - Running preInit()
19:45:46.926 [JavaFX Application Thread] DEBUG Input                - Registered new binding: Screenshot - P
19:45:46.927 [JavaFX Application Thread] DEBUG Input                - Registered new binding: Dev Options - CTRL+0
19:45:46.928 [JavaFX Application Thread] DEBUG Input                - Registered new binding: System info dump - CTRL+9
19:45:46.929 [JavaFX Application Thread] DEBUG Input                - Registered new binding: Restart - CTRL+R
19:45:46.929 [JavaFX Application Thread] DEBUG Input                - Registered new binding: Move Right - Right
19:45:46.930 [JavaFX Application Thread] DEBUG Input                - Registered new binding: Move Left - Left
19:45:46.930 [JavaFX Application Thread] DEBUG Input                - Registered new binding: Move Ball - Space
19:45:46.930 [JavaFX Application Thread] DEBUG Input                - Registered new binding: Restart Game - R
19:45:46.931 [JavaFX Application Thread] DEBUG Input                - Registered new binding: New Level - N
19:45:46.932 [JavaFX Application Thread] INFO  FXGL                 - FXGL initialization took: 1.598 sec
19:45:46.933 [JavaFX Application Thread] DEBUG LoopRunner           - Starting loop
19:45:46.937 [JavaFX Application Thread] DEBUG StartupState         - STARTUP
19:45:46.938 [JavaFX Application Thread] DEBUG GameApplication      - Starting new game
19:45:46.939 [JavaFX Application Thread] DEBUG Input                - Clearing active input actions
19:45:46.941 [JavaFX Application Thread] DEBUG AssetLoader          - Loading from disk: /assets/ui/css/fxgl_dark.css
19:45:46.955 [JavaFX Application Thread] DEBUG AppStateMachine      - StartupState -> LoadingState
19:45:46.972 [FXGL Background Thread 1 ] DEBUG InitAppTask          - Clearing previous game
19:45:46.973 [FXGL Background Thread 1 ] DEBUG GameWorld            - Clearing game world
19:45:46.973 [FXGL Background Thread 1 ] DEBUG PhysicsWorld         - Clearing physics world
19:45:46.973 [FXGL Background Thread 1 ] DEBUG GameScene            - Clearing game scene
19:45:46.981 [FXGL Background Thread 1 ] DEBUG InitAppTask          - Initializing Game
19:45:47.076 [FXGL Background Thread 1 ] DEBUG AssetLoader          - Loading from disk: /assets/textures/fd.png
19:45:47.194 [FXGL Background Thread 1 ] DEBUG AssetLoader          - Loading from disk: /assets/textures/paddle.png
19:45:47.198 [FXGL Background Thread 1 ] DEBUG GameScene            - Creating render group for layer: BACKGROUND(1000)
19:45:47.272 [FXGL Background Thread 1 ] DEBUG GameScene            - Creating render group for layer: DEFAULT(100000)
19:45:47.275 [FXGL Background Thread 1 ] DEBUG AssetLoader          - Loading from disk: /assets/textures/ball.png
19:45:47.282 [FXGL Background Thread 1 ] DEBUG InitAppTask          - Initializing Physics
19:45:47.283 [FXGL Background Thread 1 ] DEBUG InitAppTask          - Initializing UI
19:45:47.284 [FXGL Background Thread 1 ] DEBUG AssetLoader          - Loading from disk: /assets/ui/fonts/Abel-Regular.ttf
19:45:47.305 [FXGL Background Thread 1 ] DEBUG AssetLoader          - Loading from disk: /assets/ui/fonts/Courier-Prime.ttf
19:45:47.331 [FXGL Background Thread 1 ] DEBUG AssetLoader          - Loading from cache: /assets/ui/fonts/VarelaRound-Regular.ttf
19:45:47.334 [FXGL Background Thread 1 ] DEBUG AssetLoader          - Loading from cache: /assets/ui/fonts/VarelaRound-Regular.ttf
19:45:47.334 [FXGL Background Thread 1 ] DEBUG AssetLoader          - Loading from cache: /assets/ui/fonts/VarelaRound-Regular.ttf
19:45:47.334 [FXGL Background Thread 1 ] DEBUG AssetLoader          - Loading from cache: /assets/ui/fonts/VarelaRound-Regular.ttf
19:45:47.335 [FXGL Background Thread 1 ] DEBUG AssetLoader          - Loading from cache: /assets/ui/fonts/VarelaRound-Regular.ttf
19:45:47.335 [FXGL Background Thread 1 ] DEBUG InitAppTask          - Initialization Complete
19:45:47.336 [FXGL Background Thread 1 ] INFO  InitAppTask          - Game initialization took: 0.363 sec
19:45:47.352 [JavaFX Application Thread] DEBUG Input                - Clearing active input actions
19:45:47.352 [JavaFX Application Thread] DEBUG AssetLoader          - Loading from disk: /assets/ui/css/fxgl_dark.css
19:45:47.377 [JavaFX Application Thread] DEBUG AppStateMachine      - LoadingState -> PlayState
19:45:48.977 [JavaFX Application Thread] DEBUG AssetLoader          - Loading from disk: /assets/textures/wood.png
19:45:48.981 [JavaFX Application Thread] DEBUG AssetLoader          - Loading from cache: /assets/textures/wood.png
19:45:48.983 [JavaFX Application Thread] DEBUG AssetLoader          - Loading from cache: /assets/textures/wood.png
19:45:48.984 [JavaFX Application Thread] DEBUG AssetLoader          - Loading from disk: /assets/textures/glass.png
19:45:48.990 [JavaFX Application Thread] DEBUG AssetLoader          - Loading from disk: /assets/textures/golden.png
19:45:48.996 [JavaFX Application Thread] DEBUG AssetLoader          - Loading from cache: /assets/textures/golden.png
19:45:48.998 [JavaFX Application Thread] DEBUG AssetLoader          - Loading from disk: /assets/textures/metal.png
19:45:49.002 [JavaFX Application Thread] DEBUG AssetLoader          - Loading from cache: /assets/textures/golden.png
19:45:49.004 [JavaFX Application Thread] DEBUG AssetLoader          - Loading from cache: /assets/textures/wood.png
19:45:49.007 [JavaFX Application Thread] DEBUG AssetLoader          - Loading from cache: /assets/textures/wood.png
19:45:49.008 [JavaFX Application Thread] DEBUG AssetLoader          - Loading from cache: /assets/textures/metal.png
19:45:49.010 [JavaFX Application Thread] DEBUG AssetLoader          - Loading from cache: /assets/textures/wood.png
19:45:49.011 [JavaFX Application Thread] DEBUG AssetLoader          - Loading from cache: /assets/textures/wood.png
19:45:49.014 [JavaFX Application Thread] DEBUG AssetLoader          - Loading from cache: /assets/textures/wood.png
19:45:49.015 [JavaFX Application Thread] DEBUG AssetLoader          - Loading from cache: /assets/textures/wood.png
19:45:49.017 [JavaFX Application Thread] DEBUG AssetLoader          - Loading from cache: /assets/textures/metal.png
19:45:49.018 [JavaFX Application Thread] DEBUG AssetLoader          - Loading from cache: /assets/textures/wood.png
19:45:49.020 [JavaFX Application Thread] DEBUG AssetLoader          - Loading from cache: /assets/textures/metal.png
19:45:49.021 [JavaFX Application Thread] DEBUG AssetLoader          - Loading from cache: /assets/textures/wood.png
19:45:49.023 [JavaFX Application Thread] DEBUG AssetLoader          - Loading from cache: /assets/textures/wood.png
19:45:49.024 [JavaFX Application Thread] DEBUG AssetLoader          - Loading from cache: /assets/textures/wood.png
19:45:49.025 [JavaFX Application Thread] DEBUG AssetLoader          - Loading from cache: /assets/textures/glass.png
19:45:49.027 [JavaFX Application Thread] DEBUG AssetLoader          - Loading from cache: /assets/textures/metal.png
19:45:49.028 [JavaFX Application Thread] DEBUG AssetLoader          - Loading from cache: /assets/textures/wood.png
19:45:49.029 [JavaFX Application Thread] DEBUG AssetLoader          - Loading from cache: /assets/textures/wood.png
19:45:49.031 [JavaFX Application Thread] DEBUG AssetLoader          - Loading from cache: /assets/textures/wood.png
19:45:49.033 [JavaFX Application Thread] DEBUG AssetLoader          - Loading from cache: /assets/textures/golden.png
19:45:49.035 [JavaFX Application Thread] DEBUG AssetLoader          - Loading from cache: /assets/textures/wood.png
19:45:49.036 [JavaFX Application Thread] DEBUG AssetLoader          - Loading from cache: /assets/textures/wood.png
19:45:49.038 [JavaFX Application Thread] DEBUG AssetLoader          - Loading from cache: /assets/textures/wood.png
19:45:49.040 [JavaFX Application Thread] DEBUG AssetLoader          - Loading from cache: /assets/textures/wood.png
19:45:49.041 [JavaFX Application Thread] DEBUG AssetLoader          - Loading from cache: /assets/textures/wood.png
19:45:49.042 [JavaFX Application Thread] DEBUG AssetLoader          - Loading from cache: /assets/textures/wood.png
19:45:49.043 [JavaFX Application Thread] DEBUG AssetLoader          - Loading from cache: /assets/textures/wood.png
19:45:49.045 [JavaFX Application Thread] DEBUG AssetLoader          - Loading from cache: /assets/textures/metal.png
19:45:49.046 [JavaFX Application Thread] DEBUG AssetLoader          - Loading from cache: /assets/textures/metal.png
19:45:49.048 [JavaFX Application Thread] DEBUG AssetLoader          - Loading from cache: /assets/textures/wood.png
19:45:49.049 [JavaFX Application Thread] DEBUG AssetLoader          - Loading from cache: /assets/textures/wood.png
19:45:49.051 [JavaFX Application Thread] DEBUG AssetLoader          - Loading from cache: /assets/textures/wood.png
19:45:49.053 [JavaFX Application Thread] DEBUG AssetLoader          - Loading from cache: /assets/textures/wood.png
19:45:49.055 [JavaFX Application Thread] DEBUG AssetLoader          - Loading from cache: /assets/textures/golden.png
19:45:49.056 [JavaFX Application Thread] DEBUG AssetLoader          - Loading from cache: /assets/textures/wood.png
19:45:49.058 [JavaFX Application Thread] DEBUG AssetLoader          - Loading from cache: /assets/textures/wood.png
19:45:49.060 [JavaFX Application Thread] DEBUG AssetLoader          - Loading from cache: /assets/textures/wood.png
19:45:49.061 [JavaFX Application Thread] DEBUG AssetLoader          - Loading from cache: /assets/textures/glass.png
19:45:49.063 [JavaFX Application Thread] DEBUG AssetLoader          - Loading from cache: /assets/textures/golden.png
19:45:49.065 [JavaFX Application Thread] DEBUG AssetLoader          - Loading from cache: /assets/textures/wood.png
19:45:49.066 [JavaFX Application Thread] DEBUG AssetLoader          - Loading from cache: /assets/textures/golden.png
19:45:49.068 [JavaFX Application Thread] DEBUG AssetLoader          - Loading from cache: /assets/textures/glass.png
19:45:49.069 [JavaFX Application Thread] DEBUG AssetLoader          - Loading from cache: /assets/textures/wood.png
19:45:49.071 [JavaFX Application Thread] DEBUG AssetLoader          - Loading from cache: /assets/textures/wood.png
19:45:49.072 [JavaFX Application Thread] DEBUG AssetLoader          - Loading from cache: /assets/textures/metal.png
19:45:49.073 [JavaFX Application Thread] DEBUG AssetLoader          - Loading from cache: /assets/textures/metal.png
19:45:49.074 [JavaFX Application Thread] DEBUG AssetLoader          - Loading from cache: /assets/textures/wood.png
19:45:49.075 [JavaFX Application Thread] DEBUG AssetLoader          - Loading from cache: /assets/textures/wood.png
19:45:49.076 [JavaFX Application Thread] DEBUG AssetLoader          - Loading from cache: /assets/textures/glass.png
19:45:49.077 [JavaFX Application Thread] DEBUG AssetLoader          - Loading from cache: /assets/textures/wood.png
19:45:49.078 [JavaFX Application Thread] DEBUG AssetLoader          - Loading from cache: /assets/textures/wood.png
19:45:49.079 [JavaFX Application Thread] DEBUG AssetLoader          - Loading from cache: /assets/textures/metal.png
19:45:49.080 [JavaFX Application Thread] DEBUG AssetLoader          - Loading from cache: /assets/textures/glass.png
19:45:49.082 [JavaFX Application Thread] DEBUG AssetLoader          - Loading from cache: /assets/textures/wood.png
19:45:49.083 [JavaFX Application Thread] DEBUG AssetLoader          - Loading from cache: /assets/textures/golden.png
19:45:49.084 [JavaFX Application Thread] DEBUG AssetLoader          - Loading from cache: /assets/textures/golden.png
19:45:49.086 [JavaFX Application Thread] DEBUG AssetLoader          - Loading from cache: /assets/textures/wood.png
19:45:49.087 [JavaFX Application Thread] DEBUG AssetLoader          - Loading from cache: /assets/textures/wood.png
19:45:49.088 [JavaFX Application Thread] DEBUG AssetLoader          - Loading from cache: /assets/textures/metal.png
19:45:49.089 [JavaFX Application Thread] DEBUG AssetLoader          - Loading from cache: /assets/textures/wood.png
19:45:49.090 [JavaFX Application Thread] DEBUG AssetLoader          - Loading from cache: /assets/textures/wood.png
19:45:49.092 [JavaFX Application Thread] DEBUG AssetLoader          - Loading from cache: /assets/textures/wood.png
19:45:49.093 [JavaFX Application Thread] DEBUG AssetLoader          - Loading from cache: /assets/textures/wood.png
19:45:49.095 [JavaFX Application Thread] DEBUG AssetLoader          - Loading from cache: /assets/textures/wood.png
19:45:49.096 [JavaFX Application Thread] DEBUG AssetLoader          - Loading from cache: /assets/textures/wood.png
19:45:49.098 [JavaFX Application Thread] DEBUG AssetLoader          - Loading from cache: /assets/textures/wood.png
19:45:49.099 [JavaFX Application Thread] DEBUG AssetLoader          - Loading from cache: /assets/textures/wood.png
19:45:49.100 [JavaFX Application Thread] DEBUG AssetLoader          - Loading from cache: /assets/textures/wood.png
19:45:49.101 [JavaFX Application Thread] DEBUG AssetLoader          - Loading from cache: /assets/textures/wood.png
19:45:49.102 [JavaFX Application Thread] DEBUG AssetLoader          - Loading from cache: /assets/textures/wood.png
19:45:49.103 [JavaFX Application Thread] DEBUG AssetLoader          - Loading from cache: /assets/textures/wood.png
19:45:49.104 [JavaFX Application Thread] DEBUG AssetLoader          - Loading from cache: /assets/textures/golden.png
19:45:49.105 [JavaFX Application Thread] DEBUG AssetLoader          - Loading from cache: /assets/textures/metal.png
19:45:49.106 [JavaFX Application Thread] DEBUG AssetLoader          - Loading from cache: /assets/textures/wood.png
19:45:49.106 [JavaFX Application Thread] DEBUG AssetLoader          - Loading from cache: /assets/textures/metal.png
19:45:49.107 [JavaFX Application Thread] DEBUG AssetLoader          - Loading from cache: /assets/textures/wood.png
19:45:49.108 [JavaFX Application Thread] DEBUG AssetLoader          - Loading from cache: /assets/textures/wood.png
19:45:49.109 [JavaFX Application Thread] DEBUG AssetLoader          - Loading from cache: /assets/textures/golden.png
19:45:49.110 [JavaFX Application Thread] DEBUG AssetLoader          - Loading from cache: /assets/textures/wood.png
19:45:49.110 [JavaFX Application Thread] DEBUG AssetLoader          - Loading from cache: /assets/textures/wood.png
19:45:49.111 [JavaFX Application Thread] DEBUG AssetLoader          - Loading from cache: /assets/textures/wood.png
19:45:49.113 [JavaFX Application Thread] DEBUG AssetLoader          - Loading from cache: /assets/textures/wood.png
19:45:49.114 [JavaFX Application Thread] DEBUG AssetLoader          - Loading from cache: /assets/textures/wood.png
19:45:49.116 [JavaFX Application Thread] DEBUG AssetLoader          - Loading from cache: /assets/textures/wood.png
19:45:49.117 [JavaFX Application Thread] DEBUG AssetLoader          - Loading from cache: /assets/textures/glass.png
19:45:49.118 [JavaFX Application Thread] DEBUG AssetLoader          - Loading from cache: /assets/textures/wood.png
19:45:49.120 [JavaFX Application Thread] DEBUG AssetLoader          - Loading from cache: /assets/textures/wood.png
19:45:49.385 [JavaFX Application Thread] DEBUG AssetLoader          - Loading from disk: /assets/textures/woodcracked.png
19:45:51.018 [JavaFX Application Thread] DEBUG AssetLoader          - Loading from cache: /assets/sounds/Block_Destroy.wav
19:45:51.703 [JavaFX Application Thread] DEBUG AssetLoader          - Loading from cache: /assets/sounds/Ball_Bounce.wav
19:45:52.568 [JavaFX Application Thread] DEBUG AssetLoader          - Loading from cache: /assets/sounds/Block_Destroy.wav
19:45:53.384 [JavaFX Application Thread] DEBUG AssetLoader          - Loading from cache: /assets/sounds/Ball_Bounce.wav
19:45:54.266 [JavaFX Application Thread] DEBUG AssetLoader          - Loading from cache: /assets/sounds/Block_Destroy.wav
19:45:54.267 [JavaFX Application Thread] DEBUG AssetLoader          - Loading from cache: /assets/textures/woodcracked.png@100.0x30.0
19:45:55.145 [JavaFX Application Thread] DEBUG AssetLoader          - Loading from cache: /assets/sounds/Ball_Bounce.wav
19:45:56.057 [JavaFX Application Thread] DEBUG AssetLoader          - Loading from cache: /assets/sounds/Block_Destroy.wav
19:45:56.058 [JavaFX Application Thread] DEBUG AssetLoader          - Loading from cache: /assets/textures/woodcracked.png@100.0x30.0
19:45:56.953 [JavaFX Application Thread] DEBUG AssetLoader          - Loading from cache: /assets/sounds/Ball_Bounce.wav
19:45:57.849 [JavaFX Application Thread] DEBUG AssetLoader          - Loading from cache: /assets/sounds/Block_Destroy.wav
19:45:57.849 [JavaFX Application Thread] DEBUG AssetLoader          - Loading from cache: /assets/textures/woodcracked.png@100.0x30.0
19:45:58.936 [JavaFX Application Thread] DEBUG AssetLoader          - Loading from cache: /assets/sounds/Ball_Bounce.wav
19:45:59.641 [JavaFX Application Thread] DEBUG AssetLoader          - Loading from cache: /assets/sounds/Block_Destroy.wav
19:45:59.641 [JavaFX Application Thread] DEBUG AssetLoader          - Loading from cache: /assets/textures/woodcracked.png@100.0x30.0
19:46:00.552 [JavaFX Application Thread] DEBUG AssetLoader          - Loading from cache: /assets/textures/ball.png
19:46:02.697 [JavaFX Application Thread] DEBUG AssetLoader          - Loading from cache: /assets/sounds/Block_Destroy.wav
19:46:02.698 [JavaFX Application Thread] DEBUG AssetLoader          - Loading from cache: /assets/textures/woodcracked.png@100.0x30.0
19:46:03.848 [JavaFX Application Thread] DEBUG AssetLoader          - Loading from cache: /assets/sounds/Ball_Bounce.wav
19:46:05.129 [JavaFX Application Thread] DEBUG AssetLoader          - Loading from cache: /assets/sounds/Block_Destroy.wav
19:46:06.408 [JavaFX Application Thread] DEBUG AssetLoader          - Loading from cache: /assets/sounds/Ball_Bounce.wav
19:46:07.673 [JavaFX Application Thread] DEBUG AssetLoader          - Loading from cache: /assets/sounds/Block_Destroy.wav
19:46:08.969 [JavaFX Application Thread] DEBUG AssetLoader          - Loading from cache: /assets/sounds/Ball_Bounce.wav
19:46:10.105 [JavaFX Application Thread] DEBUG AssetLoader          - Loading from cache: /assets/sounds/Block_Destroy.wav
19:46:11.255 [JavaFX Application Thread] DEBUG AssetLoader          - Loading from cache: /assets/sounds/Ball_Bounce.wav
19:46:12.393 [JavaFX Application Thread] DEBUG AssetLoader          - Loading from cache: /assets/sounds/Block_Destroy.wav
19:46:13.544 [JavaFX Application Thread] DEBUG AssetLoader          - Loading from cache: /assets/sounds/Ball_Bounce.wav
19:46:14.824 [JavaFX Application Thread] DEBUG AssetLoader          - Loading from cache: /assets/sounds/Block_Destroy.wav
19:46:16.105 [JavaFX Application Thread] DEBUG AssetLoader          - Loading from cache: /assets/sounds/Ball_Bounce.wav
19:46:17.369 [JavaFX Application Thread] DEBUG AssetLoader          - Loading from cache: /assets/sounds/Block_Destroy.wav
19:46:18.649 [JavaFX Application Thread] DEBUG AssetLoader          - Loading from cache: /assets/sounds/Ball_Bounce.wav
19:46:19.800 [JavaFX Application Thread] DEBUG AssetLoader          - Loading from cache: /assets/sounds/Block_Destroy.wav
19:46:20.088 [JavaFX Application Thread] DEBUG AssetLoader          - Loading from cache: /assets/sounds/Block_Destroy.wav
19:46:21.129 [JavaFX Application Thread] DEBUG AssetLoader          - Loading from cache: /assets/sounds/Ball_Bounce.wav
19:46:22.312 [JavaFX Application Thread] DEBUG AssetLoader          - Loading from cache: /assets/sounds/Block_Destroy.wav
19:46:23.479 [JavaFX Application Thread] DEBUG AssetLoader          - Loading from cache: /assets/sounds/Ball_Bounce.wav
19:46:24.681 [JavaFX Application Thread] DEBUG AssetLoader          - Loading from cache: /assets/sounds/Block_Destroy.wav
19:46:25.928 [JavaFX Application Thread] DEBUG AssetLoader          - Loading from cache: /assets/sounds/Block_Destroy.wav
19:46:25.977 [JavaFX Application Thread] DEBUG AssetLoader          - Loading from cache: /assets/sounds/Block_Destroy.wav
19:46:25.978 [JavaFX Application Thread] DEBUG AssetLoader          - Loading from disk: /assets/textures/goldencracked1.png
19:46:26.921 [JavaFX Application Thread] DEBUG AssetLoader          - Loading from cache: /assets/sounds/Block_Destroy.wav
19:46:27.176 [JavaFX Application Thread] DEBUG AssetLoader          - Loading from cache: /assets/sounds/Block_Destroy.wav
19:46:27.177 [JavaFX Application Thread] DEBUG AssetLoader          - Loading from cache: /assets/textures/woodcracked.png@100.0x30.0
19:46:27.256 [JavaFX Application Thread] DEBUG AssetLoader          - Loading from cache: /assets/sounds/Block_Destroy.wav
19:46:27.272 [JavaFX Application Thread] DEBUG AssetLoader          - Loading from cache: /assets/sounds/Block_Destroy.wav
19:46:27.527 [JavaFX Application Thread] DEBUG AssetLoader          - Loading from cache: /assets/sounds/Block_Destroy.wav
19:46:27.527 [JavaFX Application Thread] DEBUG AssetLoader          - Loading from cache: /assets/textures/woodcracked.png@100.0x30.0
19:46:27.944 [JavaFX Application Thread] DEBUG AssetLoader          - Loading from cache: /assets/sounds/Block_Destroy.wav
19:46:28.119 [JavaFX Application Thread] DEBUG AssetLoader          - Loading from cache: /assets/sounds/Block_Destroy.wav
19:46:28.281 [JavaFX Application Thread] DEBUG AssetLoader          - Loading from cache: /assets/sounds/Block_Destroy.wav
19:46:28.312 [JavaFX Application Thread] DEBUG AssetLoader          - Loading from cache: /assets/sounds/Block_Destroy.wav
19:46:28.329 [JavaFX Application Thread] DEBUG AssetLoader          - Loading from cache: /assets/sounds/Block_Destroy.wav
19:46:28.329 [JavaFX Application Thread] DEBUG AssetLoader          - Loading from disk: /assets/textures/metalcracked1.png
19:46:28.344 [JavaFX Application Thread] DEBUG AssetLoader          - Loading from cache: /assets/sounds/Block_Destroy.wav
19:46:28.360 [JavaFX Application Thread] DEBUG AssetLoader          - Loading from cache: /assets/sounds/Block_Destroy.wav
19:46:28.376 [JavaFX Application Thread] DEBUG AssetLoader          - Loading from cache: /assets/sounds/Block_Destroy.wav
19:46:28.376 [JavaFX Application Thread] DEBUG AssetLoader          - Loading from disk: /assets/textures/metalcracked2.png
19:46:28.393 [JavaFX Application Thread] DEBUG AssetLoader          - Loading from cache: /assets/sounds/Block_Destroy.wav
19:46:28.408 [JavaFX Application Thread] DEBUG AssetLoader          - Loading from cache: /assets/sounds/Block_Destroy.wav
19:46:28.409 [JavaFX Application Thread] DEBUG AssetLoader          - Loading from cache: /assets/sounds/Block_Destroy.wav
19:46:28.409 [JavaFX Application Thread] DEBUG AssetLoader          - Loading from cache: /assets/textures/woodcracked.png@100.0x30.0
19:46:28.695 [JavaFX Application Thread] DEBUG AssetLoader          - Loading from cache: /assets/sounds/Block_Destroy.wav
19:46:28.712 [JavaFX Application Thread] DEBUG AssetLoader          - Loading from cache: /assets/sounds/Block_Destroy.wav
19:46:28.856 [JavaFX Application Thread] DEBUG AssetLoader          - Loading from cache: /assets/sounds/Block_Destroy.wav
19:46:28.857 [JavaFX Application Thread] DEBUG AssetLoader          - Loading from cache: /assets/textures/woodcracked.png@100.0x30.0
19:46:28.873 [JavaFX Application Thread] DEBUG AssetLoader          - Loading from cache: /assets/sounds/Block_Destroy.wav
19:46:28.888 [JavaFX Application Thread] DEBUG AssetLoader          - Loading from cache: /assets/sounds/Block_Destroy.wav
19:46:29.273 [JavaFX Application Thread] DEBUG AssetLoader          - Loading from cache: /assets/sounds/Block_Destroy.wav
19:46:29.274 [JavaFX Application Thread] DEBUG AssetLoader          - Loading from cache: /assets/textures/woodcracked.png@100.0x30.0
19:46:29.352 [JavaFX Application Thread] DEBUG AssetLoader          - Loading from cache: /assets/sounds/Block_Destroy.wav
19:46:29.368 [JavaFX Application Thread] DEBUG AssetLoader          - Loading from cache: /assets/sounds/Block_Destroy.wav
19:46:29.528 [JavaFX Application Thread] DEBUG AssetLoader          - Loading from cache: /assets/sounds/Block_Destroy.wav
19:46:29.530 [JavaFX Application Thread] DEBUG AssetLoader          - Loading from cache: /assets/textures/woodcracked.png@100.0x30.0
19:46:29.768 [JavaFX Application Thread] DEBUG AssetLoader          - Loading from cache: /assets/sounds/Block_Destroy.wav
19:46:29.863 [JavaFX Application Thread] DEBUG AssetLoader          - Loading from cache: /assets/sounds/Block_Destroy.wav
19:46:30.007 [JavaFX Application Thread] DEBUG AssetLoader          - Loading from cache: /assets/sounds/Block_Destroy.wav
19:46:30.025 [JavaFX Application Thread] DEBUG AssetLoader          - Loading from cache: /assets/sounds/Block_Destroy.wav
19:46:30.039 [JavaFX Application Thread] DEBUG AssetLoader          - Loading from cache: /assets/sounds/Block_Destroy.wav
19:46:30.040 [JavaFX Application Thread] DEBUG AssetLoader          - Loading from cache: /assets/textures/goldencracked1.png@100.0x30.0
19:46:30.057 [JavaFX Application Thread] DEBUG AssetLoader          - Loading from cache: /assets/sounds/Block_Destroy.wav
19:46:30.281 [JavaFX Application Thread] DEBUG AssetLoader          - Loading from cache: /assets/sounds/Block_Destroy.wav
19:46:30.360 [JavaFX Application Thread] DEBUG AssetLoader          - Loading from cache: /assets/sounds/Block_Destroy.wav
19:46:30.378 [JavaFX Application Thread] DEBUG AssetLoader          - Loading from cache: /assets/sounds/Block_Destroy.wav
19:46:30.380 [JavaFX Application Thread] DEBUG AssetLoader          - Loading from disk: /assets/textures/goldencracked2.png
19:46:30.584 [JavaFX Application Thread] DEBUG AssetLoader          - Loading from cache: /assets/sounds/Block_Destroy.wav
19:46:30.697 [JavaFX Application Thread] DEBUG AssetLoader          - Loading from cache: /assets/sounds/Block_Destroy.wav
19:46:30.889 [JavaFX Application Thread] DEBUG AssetLoader          - Loading from cache: /assets/sounds/Block_Destroy.wav
19:46:31.032 [JavaFX Application Thread] DEBUG AssetLoader          - Loading from cache: /assets/sounds/Block_Destroy.wav
19:46:31.032 [JavaFX Application Thread] DEBUG AssetLoader          - Loading from disk: /assets/textures/goldencracked3.png
19:46:31.255 [JavaFX Application Thread] DEBUG AssetLoader          - Loading from cache: /assets/sounds/Block_Destroy.wav
19:46:31.336 [JavaFX Application Thread] DEBUG AssetLoader          - Loading from cache: /assets/sounds/Block_Destroy.wav
19:46:31.592 [JavaFX Application Thread] DEBUG AssetLoader          - Loading from cache: /assets/sounds/Block_Destroy.wav
19:46:31.607 [JavaFX Application Thread] DEBUG AssetLoader          - Loading from cache: /assets/sounds/Block_Destroy.wav
19:46:31.751 [JavaFX Application Thread] DEBUG AssetLoader          - Loading from cache: /assets/sounds/Block_Destroy.wav
19:46:31.752 [JavaFX Application Thread] DEBUG AssetLoader          - Loading from cache: /assets/textures/woodcracked.png@100.0x30.0
19:46:31.768 [JavaFX Application Thread] DEBUG AssetLoader          - Loading from cache: /assets/sounds/Block_Destroy.wav
19:46:31.785 [JavaFX Application Thread] DEBUG AssetLoader          - Loading from cache: /assets/sounds/Block_Destroy.wav
19:46:32.103 [JavaFX Application Thread] DEBUG AssetLoader          - Loading from cache: /assets/sounds/Block_Destroy.wav
19:46:32.104 [JavaFX Application Thread] DEBUG AssetLoader          - Loading from cache: /assets/textures/woodcracked.png@100.0x30.0
19:46:32.281 [JavaFX Application Thread] DEBUG AssetLoader          - Loading from cache: /assets/sounds/Block_Destroy.wav
19:46:32.282 [JavaFX Application Thread] DEBUG AssetLoader          - Loading from cache: /assets/textures/woodcracked.png@100.0x30.0
19:46:33.306 [JavaFX Application Thread] DEBUG FXGL                 - Exiting FXGL
19:46:33.306 [JavaFX Application Thread] DEBUG FXGL                 - Shutting down background threads
19:46:33.307 [JavaFX Application Thread] DEBUG FXGL                 - Saving FXGL system data
19:46:33.310 [JavaFX Application Thread] DEBUG DesktopFSService     - Writing to: system\fxgl.bundle
19:46:33.316 [JavaFX Application Thread] DEBUG FXGL                 - Closing logger and exiting JavaFX
