19:44:40.741 [JavaFX Application Thread] DEBUG GameApplication      - Logger initialized
19:44:40.767 [JavaFX Application Thread] DEBUG GameApplication      - Logging settings
Title: BreakOut
Version: 
Width: 1000
Height: 780
Fullscreen: false
Intro: false
Menus: false
Profiling: false
Single step:false
App Mode: DEVELOPER
Menu Key: ESCAPE
Stage Style: DECORATED
Scene Factory: class com.almasb.fxgl.scene.SceneFactory
Dialog Factory: class com.almasb.fxgl.ui.FXGLDialogFactory
UI Factory: class com.almasb.fxgl.ui.FXGLUIFactory
Notification Service: class com.almasb.fxgl.gameplay.notification.XboxNotificationView
Exception Handler: class com.almasb.fxgl.app.FXGLExceptionHandler
19:44:40.767 [JavaFX Application Thread] DEBUG GameApplication      - Starting FXGL
19:44:40.784 [JavaFX Application Thread] INFO  FXGL                 - FXGL-0.5.4 on DESKTOP
19:44:40.784 [JavaFX Application Thread] INFO  FXGL                 - Source code and latest versions at: https://github.com/AlmasB/FXGL
19:44:40.785 [JavaFX Application Thread] INFO  FXGL                 -              Join the FXGL chat at: https://gitter.im/AlmasB/FXGL
19:44:40.786 [JavaFX Application Thread] DEBUG FXGL                 - FXGL started
19:44:40.786 [JavaFX Application Thread] DEBUG FXGL                 - Initializing FXGL
19:44:40.859 [JavaFX Application Thread] DEBUG AssetLoader          - Loading from disk: /assets/ui/cursors/fxgl_default.png
19:44:40.928 [JavaFX Application Thread] DEBUG AssetLoader          - Loading from disk: /assets/ui/fonts/VarelaRound-Regular.ttf
19:44:41.242 [JavaFX Application Thread] DEBUG MainWindow           - Creating a JavaFX scene
19:44:41.243 [JavaFX Application Thread] DEBUG MainWindow           - Target size > screen size
19:44:41.310 [JavaFX Application Thread] DEBUG MainWindow           - Target settings size: 1000.0 x 780.0
19:44:41.311 [JavaFX Application Thread] DEBUG MainWindow           - Scaled scene size:    846.0 x 679.0
19:44:41.311 [JavaFX Application Thread] DEBUG MainWindow           - Scaled ratio: (0.846, 0.8705128205128205)
19:44:41.333 [JavaFX Application Thread] DEBUG AssetLoader          - Loading from disk: /assets/ui/css/fxgl_dark.css
19:44:41.340 [JavaFX Application Thread] DEBUG AssetLoader          - Loading from disk: /assets/textures/fxgl_icon.png
19:44:41.366 [JavaFX Application Thread] DEBUG MainWindow           - Opening main window
19:44:41.773 [JavaFX Application Thread] DEBUG MainWindow           - Window border size: (4.0, 27.0)
19:44:41.773 [JavaFX Application Thread] DEBUG MainWindow           - Scaled size: 846.0 x 679.0
19:44:41.773 [JavaFX Application Thread] DEBUG MainWindow           - Scaled ratio: (0.846, 0.8705128205128205)
19:44:41.774 [JavaFX Application Thread] DEBUG MainWindow           - Scene size: 846.0 x 679.3333129882812
19:44:41.774 [JavaFX Application Thread] DEBUG MainWindow           - Stage size: 850.0 x 706.0
19:44:41.974 [ForkJoinPool.commonPool-worker-1] DEBUG FS                   - Loaded DesktopFSService
19:44:41.975 [ForkJoinPool.commonPool-worker-1] DEBUG FXGL                 - Loading FXGL system data
19:44:41.988 [ForkJoinPool.commonPool-worker-1] DEBUG DesktopFSService     - Reading from: system\fxgl.bundle
19:44:42.009 [ForkJoinPool.commonPool-worker-1] DEBUG Bundle               - Logging bundle: FXGL
19:44:42.011 [ForkJoinPool.commonPool-worker-1] DEBUG Bundle               - FXGL.offline.timer.version.check=2020-02-06T19:27:30.667
19:44:42.012 [ForkJoinPool.commonPool-worker-1] DEBUG FXGL                 - Initializing state machine and application states
19:44:42.019 [ForkJoinPool.commonPool-worker-1] DEBUG AssetLoader          - Loading from disk: /assets/ui/cursors/fxgl_default.png
19:44:42.032 [ForkJoinPool.commonPool-worker-1] DEBUG AssetLoader          - Loading from disk: /assets/ui/cursors/fxgl_default.png
19:44:42.045 [ForkJoinPool.commonPool-worker-1] DEBUG AssetLoader          - Loading from cache: /assets/ui/fonts/VarelaRound-Regular.ttf
19:44:42.058 [ForkJoinPool.commonPool-worker-1] DEBUG AssetLoader          - Loading from disk: /assets/ui/cursors/fxgl_default.png
19:44:42.097 [ForkJoinPool.commonPool-worker-1] DEBUG GameScene            - Game scene initialized: 1000x780
19:44:42.108 [ForkJoinPool.commonPool-worker-1] DEBUG GameWorld            - Game world initialized
19:44:42.253 [ForkJoinPool.commonPool-worker-1] DEBUG PhysicsWorld         - Physics world initialized: appHeight=780, physics.ppm=50.0
19:44:42.293 [ForkJoinPool.commonPool-worker-1] DEBUG Input                - Registered new binding: Pause - Esc
19:44:42.442 [JavaFX Application Thread] DEBUG FXGL                 - Running preInit()
19:44:42.447 [JavaFX Application Thread] DEBUG Input                - Registered new binding: Screenshot - P
19:44:42.448 [JavaFX Application Thread] DEBUG Input                - Registered new binding: Dev Options - CTRL+0
19:44:42.450 [JavaFX Application Thread] DEBUG Input                - Registered new binding: System info dump - CTRL+9
19:44:42.451 [JavaFX Application Thread] DEBUG Input                - Registered new binding: Restart - CTRL+R
19:44:42.452 [JavaFX Application Thread] DEBUG Input                - Registered new binding: Move Right - Right
19:44:42.452 [JavaFX Application Thread] DEBUG Input                - Registered new binding: Move Left - Left
19:44:42.453 [JavaFX Application Thread] DEBUG Input                - Registered new binding: Move Ball - Space
19:44:42.453 [JavaFX Application Thread] DEBUG Input                - Registered new binding: Restart Game - R
19:44:42.453 [JavaFX Application Thread] DEBUG Input                - Registered new binding: New Level - N
19:44:42.455 [JavaFX Application Thread] INFO  FXGL                 - FXGL initialization took: 1.668 sec
19:44:42.455 [JavaFX Application Thread] DEBUG LoopRunner           - Starting loop
19:44:42.458 [JavaFX Application Thread] DEBUG StartupState         - STARTUP
19:44:42.458 [JavaFX Application Thread] DEBUG GameApplication      - Starting new game
19:44:42.458 [JavaFX Application Thread] DEBUG Input                - Clearing active input actions
19:44:42.460 [JavaFX Application Thread] DEBUG AssetLoader          - Loading from disk: /assets/ui/css/fxgl_dark.css
19:44:42.474 [JavaFX Application Thread] DEBUG AppStateMachine      - StartupState -> LoadingState
19:44:42.488 [FXGL Background Thread 1 ] DEBUG InitAppTask          - Clearing previous game
19:44:42.488 [FXGL Background Thread 1 ] DEBUG GameWorld            - Clearing game world
19:44:42.489 [FXGL Background Thread 1 ] DEBUG PhysicsWorld         - Clearing physics world
19:44:42.489 [FXGL Background Thread 1 ] DEBUG GameScene            - Clearing game scene
19:44:42.491 [FXGL Background Thread 1 ] DEBUG InitAppTask          - Initializing Game
19:44:42.572 [FXGL Background Thread 1 ] DEBUG AssetLoader          - Loading from disk: /assets/textures/fd.png
19:44:42.656 [FXGL Background Thread 1 ] DEBUG AssetLoader          - Loading from disk: /assets/textures/paddle.png
19:44:42.661 [FXGL Background Thread 1 ] DEBUG GameScene            - Creating render group for layer: BACKGROUND(1000)
19:44:42.746 [FXGL Background Thread 1 ] DEBUG GameScene            - Creating render group for layer: DEFAULT(100000)
19:44:42.748 [FXGL Background Thread 1 ] DEBUG AssetLoader          - Loading from disk: /assets/textures/ball.png
19:44:42.756 [FXGL Background Thread 1 ] DEBUG InitAppTask          - Initializing Physics
19:44:42.757 [FXGL Background Thread 1 ] DEBUG InitAppTask          - Initializing UI
19:44:42.758 [FXGL Background Thread 1 ] DEBUG AssetLoader          - Loading from disk: /assets/ui/fonts/Abel-Regular.ttf
19:44:42.791 [FXGL Background Thread 1 ] DEBUG AssetLoader          - Loading from disk: /assets/ui/fonts/Courier-Prime.ttf
19:44:42.819 [FXGL Background Thread 1 ] DEBUG AssetLoader          - Loading from cache: /assets/ui/fonts/VarelaRound-Regular.ttf
19:44:42.822 [FXGL Background Thread 1 ] DEBUG AssetLoader          - Loading from cache: /assets/ui/fonts/VarelaRound-Regular.ttf
19:44:42.822 [FXGL Background Thread 1 ] DEBUG AssetLoader          - Loading from cache: /assets/ui/fonts/VarelaRound-Regular.ttf
19:44:42.823 [FXGL Background Thread 1 ] DEBUG AssetLoader          - Loading from cache: /assets/ui/fonts/VarelaRound-Regular.ttf
19:44:42.823 [FXGL Background Thread 1 ] DEBUG AssetLoader          - Loading from cache: /assets/ui/fonts/VarelaRound-Regular.ttf
19:44:42.824 [FXGL Background Thread 1 ] DEBUG InitAppTask          - Initialization Complete
19:44:42.824 [FXGL Background Thread 1 ] INFO  InitAppTask          - Game initialization took: 0.336 sec
19:44:42.825 [JavaFX Application Thread] DEBUG Input                - Clearing active input actions
19:44:42.826 [JavaFX Application Thread] DEBUG AssetLoader          - Loading from disk: /assets/ui/css/fxgl_dark.css
19:44:42.897 [JavaFX Application Thread] DEBUG AppStateMachine      - LoadingState -> PlayState
19:44:43.839 [JavaFX Application Thread] DEBUG AssetLoader          - Loading from disk: /assets/textures/wood.png
19:44:43.843 [JavaFX Application Thread] DEBUG AssetLoader          - Loading from cache: /assets/textures/wood.png
19:44:43.845 [JavaFX Application Thread] DEBUG AssetLoader          - Loading from cache: /assets/textures/wood.png
19:44:43.848 [JavaFX Application Thread] DEBUG AssetLoader          - Loading from cache: /assets/textures/wood.png
19:44:43.852 [JavaFX Application Thread] DEBUG AssetLoader          - Loading from cache: /assets/textures/wood.png
19:44:43.853 [JavaFX Application Thread] DEBUG AssetLoader          - Loading from cache: /assets/textures/wood.png
19:44:43.855 [JavaFX Application Thread] DEBUG AssetLoader          - Loading from cache: /assets/textures/wood.png
19:44:43.856 [JavaFX Application Thread] DEBUG AssetLoader          - Loading from cache: /assets/textures/wood.png
19:44:43.858 [JavaFX Application Thread] DEBUG AssetLoader          - Loading from disk: /assets/textures/glass.png
19:44:43.861 [JavaFX Application Thread] DEBUG AssetLoader          - Loading from cache: /assets/textures/wood.png
19:44:43.864 [JavaFX Application Thread] DEBUG AssetLoader          - Loading from cache: /assets/textures/wood.png
19:44:43.866 [JavaFX Application Thread] DEBUG AssetLoader          - Loading from cache: /assets/textures/wood.png
19:44:43.867 [JavaFX Application Thread] DEBUG AssetLoader          - Loading from cache: /assets/textures/wood.png
19:44:43.869 [JavaFX Application Thread] DEBUG AssetLoader          - Loading from cache: /assets/textures/wood.png
19:44:43.871 [JavaFX Application Thread] DEBUG AssetLoader          - Loading from cache: /assets/textures/wood.png
19:44:43.872 [JavaFX Application Thread] DEBUG AssetLoader          - Loading from cache: /assets/textures/glass.png
19:44:43.873 [JavaFX Application Thread] DEBUG AssetLoader          - Loading from cache: /assets/textures/glass.png
19:44:43.875 [JavaFX Application Thread] DEBUG AssetLoader          - Loading from cache: /assets/textures/wood.png
19:44:43.876 [JavaFX Application Thread] DEBUG AssetLoader          - Loading from cache: /assets/textures/wood.png
19:44:43.878 [JavaFX Application Thread] DEBUG AssetLoader          - Loading from cache: /assets/textures/wood.png
19:44:43.879 [JavaFX Application Thread] DEBUG AssetLoader          - Loading from cache: /assets/textures/wood.png
19:44:43.881 [JavaFX Application Thread] DEBUG AssetLoader          - Loading from cache: /assets/textures/glass.png
19:44:43.882 [JavaFX Application Thread] DEBUG AssetLoader          - Loading from cache: /assets/textures/wood.png
19:44:43.883 [JavaFX Application Thread] DEBUG AssetLoader          - Loading from cache: /assets/textures/glass.png
19:44:43.885 [JavaFX Application Thread] DEBUG AssetLoader          - Loading from cache: /assets/textures/wood.png
19:44:43.886 [JavaFX Application Thread] DEBUG AssetLoader          - Loading from cache: /assets/textures/wood.png
19:44:43.887 [JavaFX Application Thread] DEBUG AssetLoader          - Loading from cache: /assets/textures/glass.png
19:44:43.889 [JavaFX Application Thread] DEBUG AssetLoader          - Loading from cache: /assets/textures/glass.png
19:44:43.890 [JavaFX Application Thread] DEBUG AssetLoader          - Loading from cache: /assets/textures/wood.png
19:44:43.891 [JavaFX Application Thread] DEBUG AssetLoader          - Loading from cache: /assets/textures/wood.png
19:44:43.893 [JavaFX Application Thread] DEBUG AssetLoader          - Loading from cache: /assets/textures/glass.png
19:44:43.894 [JavaFX Application Thread] DEBUG AssetLoader          - Loading from cache: /assets/textures/glass.png
19:44:43.895 [JavaFX Application Thread] DEBUG AssetLoader          - Loading from cache: /assets/textures/wood.png
19:44:43.897 [JavaFX Application Thread] DEBUG AssetLoader          - Loading from cache: /assets/textures/glass.png
19:44:43.898 [JavaFX Application Thread] DEBUG AssetLoader          - Loading from cache: /assets/textures/glass.png
19:44:43.900 [JavaFX Application Thread] DEBUG AssetLoader          - Loading from cache: /assets/textures/glass.png
19:44:43.900 [JavaFX Application Thread] DEBUG AssetLoader          - Loading from cache: /assets/textures/glass.png
19:44:43.902 [JavaFX Application Thread] DEBUG AssetLoader          - Loading from cache: /assets/textures/wood.png
19:44:43.903 [JavaFX Application Thread] DEBUG AssetLoader          - Loading from cache: /assets/textures/wood.png
19:44:43.904 [JavaFX Application Thread] DEBUG AssetLoader          - Loading from cache: /assets/textures/glass.png
19:44:43.905 [JavaFX Application Thread] DEBUG AssetLoader          - Loading from cache: /assets/textures/wood.png
19:44:43.907 [JavaFX Application Thread] DEBUG AssetLoader          - Loading from cache: /assets/textures/wood.png
19:44:43.908 [JavaFX Application Thread] DEBUG AssetLoader          - Loading from cache: /assets/textures/glass.png
19:44:43.909 [JavaFX Application Thread] DEBUG AssetLoader          - Loading from cache: /assets/textures/wood.png
19:44:43.911 [JavaFX Application Thread] DEBUG AssetLoader          - Loading from cache: /assets/textures/wood.png
19:44:43.912 [JavaFX Application Thread] DEBUG AssetLoader          - Loading from cache: /assets/textures/wood.png
19:44:43.913 [JavaFX Application Thread] DEBUG AssetLoader          - Loading from cache: /assets/textures/wood.png
19:44:43.914 [JavaFX Application Thread] DEBUG AssetLoader          - Loading from cache: /assets/textures/glass.png
19:44:43.915 [JavaFX Application Thread] DEBUG AssetLoader          - Loading from cache: /assets/textures/glass.png
19:44:43.916 [JavaFX Application Thread] DEBUG AssetLoader          - Loading from cache: /assets/textures/glass.png
19:44:43.918 [JavaFX Application Thread] DEBUG AssetLoader          - Loading from cache: /assets/textures/wood.png
19:44:43.919 [JavaFX Application Thread] DEBUG AssetLoader          - Loading from cache: /assets/textures/wood.png
19:44:43.920 [JavaFX Application Thread] DEBUG AssetLoader          - Loading from cache: /assets/textures/wood.png
19:44:43.921 [JavaFX Application Thread] DEBUG AssetLoader          - Loading from cache: /assets/textures/wood.png
19:44:43.922 [JavaFX Application Thread] DEBUG AssetLoader          - Loading from cache: /assets/textures/wood.png
19:44:43.923 [JavaFX Application Thread] DEBUG AssetLoader          - Loading from cache: /assets/textures/wood.png
19:44:43.924 [JavaFX Application Thread] DEBUG AssetLoader          - Loading from cache: /assets/textures/wood.png
19:44:43.926 [JavaFX Application Thread] DEBUG AssetLoader          - Loading from cache: /assets/textures/wood.png
19:44:43.927 [JavaFX Application Thread] DEBUG AssetLoader          - Loading from cache: /assets/textures/glass.png
19:44:43.928 [JavaFX Application Thread] DEBUG AssetLoader          - Loading from cache: /assets/textures/wood.png
19:44:43.929 [JavaFX Application Thread] DEBUG AssetLoader          - Loading from cache: /assets/textures/wood.png
19:44:43.930 [JavaFX Application Thread] DEBUG AssetLoader          - Loading from cache: /assets/textures/wood.png
19:44:43.931 [JavaFX Application Thread] DEBUG AssetLoader          - Loading from cache: /assets/textures/glass.png
19:44:43.932 [JavaFX Application Thread] DEBUG AssetLoader          - Loading from cache: /assets/textures/wood.png
19:44:43.933 [JavaFX Application Thread] DEBUG AssetLoader          - Loading from cache: /assets/textures/wood.png
19:44:43.934 [JavaFX Application Thread] DEBUG AssetLoader          - Loading from cache: /assets/textures/wood.png
19:44:43.935 [JavaFX Application Thread] DEBUG AssetLoader          - Loading from cache: /assets/textures/wood.png
19:44:43.936 [JavaFX Application Thread] DEBUG AssetLoader          - Loading from cache: /assets/textures/wood.png
19:44:43.937 [JavaFX Application Thread] DEBUG AssetLoader          - Loading from cache: /assets/textures/wood.png
19:44:43.938 [JavaFX Application Thread] DEBUG AssetLoader          - Loading from cache: /assets/textures/wood.png
19:44:43.939 [JavaFX Application Thread] DEBUG AssetLoader          - Loading from cache: /assets/textures/wood.png
19:44:45.332 [JavaFX Application Thread] DEBUG AssetLoader          - Loading from disk: /assets/textures/woodcracked.png
19:44:48.139 [JavaFX Application Thread] DEBUG AssetLoader          - Loading from cache: /assets/sounds/Block_Destroy.wav
19:44:48.140 [JavaFX Application Thread] DEBUG AssetLoader          - Loading from cache: /assets/textures/woodcracked.png@100.0x30.0
19:44:51.771 [JavaFX Application Thread] DEBUG AssetLoader          - Loading from cache: /assets/sounds/Block_Destroy.wav
19:44:53.619 [JavaFX Application Thread] DEBUG AssetLoader          - Loading from cache: /assets/textures/ball.png
19:44:57.947 [JavaFX Application Thread] DEBUG AssetLoader          - Loading from cache: /assets/sounds/Block_Destroy.wav
19:44:57.950 [JavaFX Application Thread] DEBUG AssetLoader          - Loading from cache: /assets/textures/woodcracked.png@100.0x30.0
19:44:58.570 [JavaFX Application Thread] DEBUG AssetLoader          - Loading from cache: /assets/sounds/Block_Destroy.wav
19:44:58.570 [JavaFX Application Thread] DEBUG AssetLoader          - Loading from cache: /assets/textures/woodcracked.png@100.0x30.0
19:44:58.843 [JavaFX Application Thread] DEBUG AssetLoader          - Loading from cache: /assets/sounds/Block_Destroy.wav
19:44:58.844 [JavaFX Application Thread] DEBUG AssetLoader          - Loading from cache: /assets/textures/woodcracked.png@100.0x30.0
19:45:01.467 [JavaFX Application Thread] DEBUG AssetLoader          - Loading from cache: /assets/sounds/Block_Destroy.wav
19:45:01.468 [JavaFX Application Thread] DEBUG AssetLoader          - Loading from cache: /assets/textures/woodcracked.png@100.0x30.0
19:45:01.483 [JavaFX Application Thread] DEBUG AssetLoader          - Loading from cache: /assets/sounds/Block_Destroy.wav
19:45:03.345 [JavaFX Application Thread] DEBUG AssetLoader          - Loading from cache: /assets/textures/ball.png
19:45:03.440 [JavaFX Application Thread] DEBUG FXGL                 - Exiting FXGL
19:45:03.440 [JavaFX Application Thread] DEBUG FXGL                 - Shutting down background threads
19:45:03.441 [JavaFX Application Thread] DEBUG FXGL                 - Saving FXGL system data
19:45:03.445 [JavaFX Application Thread] DEBUG DesktopFSService     - Writing to: system\fxgl.bundle
19:45:03.452 [JavaFX Application Thread] DEBUG FXGL                 - Closing logger and exiting JavaFX
