19:44:21.147 [JavaFX Application Thread] DEBUG GameApplication      - Logger initialized
19:44:21.169 [JavaFX Application Thread] DEBUG GameApplication      - Logging settings
Title: BreakOut
Version: 
Width: 1000
Height: 780
Fullscreen: false
Intro: false
Menus: false
Profiling: false
Single step:false
App Mode: DEVELOPER
Menu Key: ESCAPE
Stage Style: DECORATED
Scene Factory: class com.almasb.fxgl.scene.SceneFactory
Dialog Factory: class com.almasb.fxgl.ui.FXGLDialogFactory
UI Factory: class com.almasb.fxgl.ui.FXGLUIFactory
Notification Service: class com.almasb.fxgl.gameplay.notification.XboxNotificationView
Exception Handler: class com.almasb.fxgl.app.FXGLExceptionHandler
19:44:21.169 [JavaFX Application Thread] DEBUG GameApplication      - Starting FXGL
19:44:21.189 [JavaFX Application Thread] INFO  FXGL                 - FXGL-0.5.4 on DESKTOP
19:44:21.191 [JavaFX Application Thread] INFO  FXGL                 - Source code and latest versions at: https://github.com/AlmasB/FXGL
19:44:21.191 [JavaFX Application Thread] INFO  FXGL                 -              Join the FXGL chat at: https://gitter.im/AlmasB/FXGL
19:44:21.194 [JavaFX Application Thread] DEBUG FXGL                 - FXGL started
19:44:21.194 [JavaFX Application Thread] DEBUG FXGL                 - Initializing FXGL
19:44:21.282 [JavaFX Application Thread] DEBUG AssetLoader          - Loading from disk: /assets/ui/cursors/fxgl_default.png
19:44:21.347 [JavaFX Application Thread] DEBUG AssetLoader          - Loading from disk: /assets/ui/fonts/VarelaRound-Regular.ttf
19:44:21.932 [JavaFX Application Thread] DEBUG MainWindow           - Creating a JavaFX scene
19:44:21.933 [JavaFX Application Thread] DEBUG MainWindow           - Target size > screen size
19:44:22.042 [JavaFX Application Thread] DEBUG MainWindow           - Target settings size: 1000.0 x 780.0
19:44:22.043 [JavaFX Application Thread] DEBUG MainWindow           - Scaled scene size:    846.0 x 679.0
19:44:22.043 [JavaFX Application Thread] DEBUG MainWindow           - Scaled ratio: (0.846, 0.8705128205128205)
19:44:22.049 [JavaFX Application Thread] DEBUG AssetLoader          - Loading from disk: /assets/ui/css/fxgl_dark.css
19:44:22.057 [JavaFX Application Thread] DEBUG AssetLoader          - Loading from disk: /assets/textures/fxgl_icon.png
19:44:22.111 [JavaFX Application Thread] DEBUG MainWindow           - Opening main window
19:44:22.510 [JavaFX Application Thread] DEBUG MainWindow           - Window border size: (4.0, 27.0)
19:44:22.510 [JavaFX Application Thread] DEBUG MainWindow           - Scaled size: 846.0 x 679.0
19:44:22.510 [JavaFX Application Thread] DEBUG MainWindow           - Scaled ratio: (0.846, 0.8705128205128205)
19:44:22.511 [JavaFX Application Thread] DEBUG MainWindow           - Scene size: 846.0 x 679.3333129882812
19:44:22.511 [JavaFX Application Thread] DEBUG MainWindow           - Stage size: 850.0 x 706.0
19:44:22.685 [ForkJoinPool.commonPool-worker-1] DEBUG FS                   - Loaded DesktopFSService
19:44:22.687 [ForkJoinPool.commonPool-worker-1] DEBUG FXGL                 - Loading FXGL system data
19:44:22.695 [ForkJoinPool.commonPool-worker-1] DEBUG DesktopFSService     - Reading from: system\fxgl.bundle
19:44:22.716 [ForkJoinPool.commonPool-worker-1] DEBUG Bundle               - Logging bundle: FXGL
19:44:22.718 [ForkJoinPool.commonPool-worker-1] DEBUG Bundle               - FXGL.offline.timer.version.check=2020-02-06T19:27:30.667
19:44:22.722 [ForkJoinPool.commonPool-worker-1] DEBUG FXGL                 - Initializing state machine and application states
19:44:22.724 [ForkJoinPool.commonPool-worker-1] DEBUG AssetLoader          - Loading from disk: /assets/ui/cursors/fxgl_default.png
19:44:22.736 [ForkJoinPool.commonPool-worker-1] DEBUG AssetLoader          - Loading from disk: /assets/ui/cursors/fxgl_default.png
19:44:22.749 [ForkJoinPool.commonPool-worker-1] DEBUG AssetLoader          - Loading from cache: /assets/ui/fonts/VarelaRound-Regular.ttf
19:44:22.756 [ForkJoinPool.commonPool-worker-1] DEBUG AssetLoader          - Loading from disk: /assets/ui/cursors/fxgl_default.png
19:44:22.771 [ForkJoinPool.commonPool-worker-1] DEBUG GameScene            - Game scene initialized: 1000x780
19:44:22.782 [ForkJoinPool.commonPool-worker-1] DEBUG GameWorld            - Game world initialized
19:44:22.894 [ForkJoinPool.commonPool-worker-1] DEBUG PhysicsWorld         - Physics world initialized: appHeight=780, physics.ppm=50.0
19:44:22.936 [ForkJoinPool.commonPool-worker-1] DEBUG Input                - Registered new binding: Pause - Esc
19:44:23.030 [JavaFX Application Thread] DEBUG FXGL                 - Running preInit()
19:44:23.035 [JavaFX Application Thread] DEBUG Input                - Registered new binding: Screenshot - P
19:44:23.036 [JavaFX Application Thread] DEBUG Input                - Registered new binding: Dev Options - CTRL+0
19:44:23.038 [JavaFX Application Thread] DEBUG Input                - Registered new binding: System info dump - CTRL+9
19:44:23.039 [JavaFX Application Thread] DEBUG Input                - Registered new binding: Restart - CTRL+R
19:44:23.040 [JavaFX Application Thread] DEBUG Input                - Registered new binding: Move Right - Right
19:44:23.040 [JavaFX Application Thread] DEBUG Input                - Registered new binding: Move Left - Left
19:44:23.041 [JavaFX Application Thread] DEBUG Input                - Registered new binding: Move Ball - Space
19:44:23.041 [JavaFX Application Thread] DEBUG Input                - Registered new binding: Restart Game - R
19:44:23.041 [JavaFX Application Thread] DEBUG Input                - Registered new binding: New Level - N
19:44:23.043 [JavaFX Application Thread] INFO  FXGL                 - FXGL initialization took: 1.843 sec
19:44:23.043 [JavaFX Application Thread] DEBUG LoopRunner           - Starting loop
19:44:23.046 [JavaFX Application Thread] DEBUG StartupState         - STARTUP
19:44:23.046 [JavaFX Application Thread] DEBUG GameApplication      - Starting new game
19:44:23.046 [JavaFX Application Thread] DEBUG Input                - Clearing active input actions
19:44:23.049 [JavaFX Application Thread] DEBUG AssetLoader          - Loading from disk: /assets/ui/css/fxgl_dark.css
19:44:23.062 [JavaFX Application Thread] DEBUG AppStateMachine      - StartupState -> LoadingState
19:44:23.078 [FXGL Background Thread 1 ] DEBUG InitAppTask          - Clearing previous game
19:44:23.079 [FXGL Background Thread 1 ] DEBUG GameWorld            - Clearing game world
19:44:23.079 [FXGL Background Thread 1 ] DEBUG PhysicsWorld         - Clearing physics world
19:44:23.079 [FXGL Background Thread 1 ] DEBUG GameScene            - Clearing game scene
19:44:23.087 [FXGL Background Thread 1 ] DEBUG InitAppTask          - Initializing Game
19:44:23.160 [FXGL Background Thread 1 ] DEBUG AssetLoader          - Loading from disk: /assets/textures/fd.png
19:44:23.239 [FXGL Background Thread 1 ] DEBUG AssetLoader          - Loading from disk: /assets/textures/paddle.png
19:44:23.243 [FXGL Background Thread 1 ] DEBUG GameScene            - Creating render group for layer: BACKGROUND(1000)
19:44:23.307 [FXGL Background Thread 1 ] DEBUG GameScene            - Creating render group for layer: DEFAULT(100000)
19:44:23.309 [FXGL Background Thread 1 ] DEBUG AssetLoader          - Loading from disk: /assets/textures/ball.png
19:44:23.314 [FXGL Background Thread 1 ] DEBUG InitAppTask          - Initializing Physics
19:44:23.316 [FXGL Background Thread 1 ] DEBUG InitAppTask          - Initializing UI
19:44:23.316 [FXGL Background Thread 1 ] DEBUG AssetLoader          - Loading from disk: /assets/ui/fonts/Abel-Regular.ttf
19:44:23.330 [FXGL Background Thread 1 ] DEBUG AssetLoader          - Loading from disk: /assets/ui/fonts/Courier-Prime.ttf
19:44:23.344 [FXGL Background Thread 1 ] DEBUG AssetLoader          - Loading from cache: /assets/ui/fonts/VarelaRound-Regular.ttf
19:44:23.359 [FXGL Background Thread 1 ] DEBUG AssetLoader          - Loading from cache: /assets/ui/fonts/VarelaRound-Regular.ttf
19:44:23.360 [FXGL Background Thread 1 ] DEBUG AssetLoader          - Loading from cache: /assets/ui/fonts/VarelaRound-Regular.ttf
19:44:23.360 [FXGL Background Thread 1 ] DEBUG AssetLoader          - Loading from cache: /assets/ui/fonts/VarelaRound-Regular.ttf
19:44:23.361 [FXGL Background Thread 1 ] DEBUG AssetLoader          - Loading from cache: /assets/ui/fonts/VarelaRound-Regular.ttf
19:44:23.362 [FXGL Background Thread 1 ] DEBUG InitAppTask          - Initialization Complete
19:44:23.363 [FXGL Background Thread 1 ] INFO  InitAppTask          - Game initialization took: 0.285 sec
19:44:23.369 [JavaFX Application Thread] DEBUG Input                - Clearing active input actions
19:44:23.370 [JavaFX Application Thread] DEBUG AssetLoader          - Loading from disk: /assets/ui/css/fxgl_dark.css
19:44:23.378 [JavaFX Application Thread] DEBUG AppStateMachine      - LoadingState -> PlayState
19:44:26.708 [JavaFX Application Thread] DEBUG AssetLoader          - Loading from disk: /assets/textures/wood.png
19:44:26.713 [JavaFX Application Thread] DEBUG AssetLoader          - Loading from cache: /assets/textures/wood.png
19:44:26.714 [JavaFX Application Thread] DEBUG AssetLoader          - Loading from cache: /assets/textures/wood.png
19:44:26.715 [JavaFX Application Thread] DEBUG AssetLoader          - Loading from cache: /assets/textures/wood.png
19:44:26.718 [JavaFX Application Thread] DEBUG AssetLoader          - Loading from cache: /assets/textures/wood.png
19:44:26.721 [JavaFX Application Thread] DEBUG AssetLoader          - Loading from disk: /assets/textures/metal.png
19:44:26.723 [JavaFX Application Thread] DEBUG AssetLoader          - Loading from disk: /assets/textures/golden.png
19:44:26.728 [JavaFX Application Thread] DEBUG AssetLoader          - Loading from cache: /assets/textures/golden.png
19:44:26.729 [JavaFX Application Thread] DEBUG AssetLoader          - Loading from cache: /assets/textures/metal.png
19:44:26.730 [JavaFX Application Thread] DEBUG AssetLoader          - Loading from cache: /assets/textures/wood.png
19:44:26.732 [JavaFX Application Thread] DEBUG AssetLoader          - Loading from cache: /assets/textures/wood.png
19:44:26.734 [JavaFX Application Thread] DEBUG AssetLoader          - Loading from cache: /assets/textures/wood.png
19:44:26.735 [JavaFX Application Thread] DEBUG AssetLoader          - Loading from cache: /assets/textures/metal.png
19:44:26.736 [JavaFX Application Thread] DEBUG AssetLoader          - Loading from cache: /assets/textures/metal.png
19:44:26.737 [JavaFX Application Thread] DEBUG AssetLoader          - Loading from cache: /assets/textures/wood.png
19:44:26.738 [JavaFX Application Thread] DEBUG AssetLoader          - Loading from cache: /assets/textures/wood.png
19:44:26.739 [JavaFX Application Thread] DEBUG AssetLoader          - Loading from cache: /assets/textures/wood.png
19:44:26.740 [JavaFX Application Thread] DEBUG AssetLoader          - Loading from cache: /assets/textures/metal.png
19:44:26.741 [JavaFX Application Thread] DEBUG AssetLoader          - Loading from cache: /assets/textures/wood.png
19:44:26.742 [JavaFX Application Thread] DEBUG AssetLoader          - Loading from cache: /assets/textures/golden.png
19:44:26.743 [JavaFX Application Thread] DEBUG AssetLoader          - Loading from cache: /assets/textures/metal.png
19:44:26.744 [JavaFX Application Thread] DEBUG AssetLoader          - Loading from cache: /assets/textures/wood.png
19:44:26.745 [JavaFX Application Thread] DEBUG AssetLoader          - Loading from cache: /assets/textures/metal.png
19:44:26.745 [JavaFX Application Thread] DEBUG AssetLoader          - Loading from cache: /assets/textures/wood.png
19:44:26.747 [JavaFX Application Thread] DEBUG AssetLoader          - Loading from disk: /assets/textures/glass.png
19:44:26.750 [JavaFX Application Thread] DEBUG AssetLoader          - Loading from cache: /assets/textures/wood.png
19:44:26.751 [JavaFX Application Thread] DEBUG AssetLoader          - Loading from cache: /assets/textures/wood.png
19:44:26.752 [JavaFX Application Thread] DEBUG AssetLoader          - Loading from cache: /assets/textures/wood.png
19:44:26.753 [JavaFX Application Thread] DEBUG AssetLoader          - Loading from cache: /assets/textures/wood.png
19:44:26.754 [JavaFX Application Thread] DEBUG AssetLoader          - Loading from cache: /assets/textures/wood.png
19:44:26.755 [JavaFX Application Thread] DEBUG AssetLoader          - Loading from cache: /assets/textures/wood.png
19:44:26.756 [JavaFX Application Thread] DEBUG AssetLoader          - Loading from cache: /assets/textures/golden.png
19:44:26.757 [JavaFX Application Thread] DEBUG AssetLoader          - Loading from cache: /assets/textures/wood.png
19:44:26.758 [JavaFX Application Thread] DEBUG AssetLoader          - Loading from cache: /assets/textures/wood.png
19:44:26.759 [JavaFX Application Thread] DEBUG AssetLoader          - Loading from cache: /assets/textures/metal.png
19:44:26.761 [JavaFX Application Thread] DEBUG AssetLoader          - Loading from cache: /assets/textures/golden.png
19:44:26.762 [JavaFX Application Thread] DEBUG AssetLoader          - Loading from cache: /assets/textures/wood.png
19:44:26.763 [JavaFX Application Thread] DEBUG AssetLoader          - Loading from cache: /assets/textures/metal.png
19:44:26.764 [JavaFX Application Thread] DEBUG AssetLoader          - Loading from cache: /assets/textures/metal.png
19:44:26.765 [JavaFX Application Thread] DEBUG AssetLoader          - Loading from cache: /assets/textures/metal.png
19:44:26.766 [JavaFX Application Thread] DEBUG AssetLoader          - Loading from cache: /assets/textures/wood.png
19:44:26.767 [JavaFX Application Thread] DEBUG AssetLoader          - Loading from cache: /assets/textures/metal.png
19:44:26.768 [JavaFX Application Thread] DEBUG AssetLoader          - Loading from cache: /assets/textures/wood.png
19:44:26.769 [JavaFX Application Thread] DEBUG AssetLoader          - Loading from cache: /assets/textures/wood.png
19:44:26.770 [JavaFX Application Thread] DEBUG AssetLoader          - Loading from cache: /assets/textures/wood.png
19:44:26.772 [JavaFX Application Thread] DEBUG AssetLoader          - Loading from cache: /assets/textures/metal.png
19:44:26.773 [JavaFX Application Thread] DEBUG AssetLoader          - Loading from cache: /assets/textures/wood.png
19:44:26.773 [JavaFX Application Thread] DEBUG AssetLoader          - Loading from cache: /assets/textures/wood.png
19:44:26.775 [JavaFX Application Thread] DEBUG AssetLoader          - Loading from cache: /assets/textures/wood.png
19:44:26.776 [JavaFX Application Thread] DEBUG AssetLoader          - Loading from cache: /assets/textures/golden.png
19:44:26.778 [JavaFX Application Thread] DEBUG AssetLoader          - Loading from cache: /assets/textures/metal.png
19:44:26.778 [JavaFX Application Thread] DEBUG AssetLoader          - Loading from cache: /assets/textures/wood.png
19:44:26.779 [JavaFX Application Thread] DEBUG AssetLoader          - Loading from cache: /assets/textures/wood.png
19:44:26.780 [JavaFX Application Thread] DEBUG AssetLoader          - Loading from cache: /assets/textures/glass.png
19:44:26.781 [JavaFX Application Thread] DEBUG AssetLoader          - Loading from cache: /assets/textures/wood.png
19:44:26.782 [JavaFX Application Thread] DEBUG AssetLoader          - Loading from cache: /assets/textures/wood.png
19:44:26.783 [JavaFX Application Thread] DEBUG AssetLoader          - Loading from cache: /assets/textures/wood.png
19:44:26.784 [JavaFX Application Thread] DEBUG AssetLoader          - Loading from cache: /assets/textures/wood.png
19:44:26.785 [JavaFX Application Thread] DEBUG AssetLoader          - Loading from cache: /assets/textures/metal.png
19:44:26.786 [JavaFX Application Thread] DEBUG AssetLoader          - Loading from cache: /assets/textures/wood.png
19:44:26.788 [JavaFX Application Thread] DEBUG AssetLoader          - Loading from cache: /assets/textures/wood.png
19:44:26.789 [JavaFX Application Thread] DEBUG AssetLoader          - Loading from cache: /assets/textures/wood.png
19:44:26.790 [JavaFX Application Thread] DEBUG AssetLoader          - Loading from cache: /assets/textures/wood.png
19:44:26.791 [JavaFX Application Thread] DEBUG AssetLoader          - Loading from cache: /assets/textures/golden.png
19:44:26.792 [JavaFX Application Thread] DEBUG AssetLoader          - Loading from cache: /assets/textures/wood.png
19:44:26.793 [JavaFX Application Thread] DEBUG AssetLoader          - Loading from cache: /assets/textures/metal.png
19:44:26.794 [JavaFX Application Thread] DEBUG AssetLoader          - Loading from cache: /assets/textures/golden.png
19:44:26.795 [JavaFX Application Thread] DEBUG AssetLoader          - Loading from cache: /assets/textures/metal.png
19:44:26.796 [JavaFX Application Thread] DEBUG AssetLoader          - Loading from cache: /assets/textures/metal.png
19:44:26.797 [JavaFX Application Thread] DEBUG AssetLoader          - Loading from cache: /assets/textures/golden.png
19:44:26.798 [JavaFX Application Thread] DEBUG AssetLoader          - Loading from cache: /assets/textures/wood.png
19:44:26.799 [JavaFX Application Thread] DEBUG AssetLoader          - Loading from cache: /assets/textures/metal.png
19:44:26.800 [JavaFX Application Thread] DEBUG AssetLoader          - Loading from cache: /assets/textures/wood.png
19:44:26.800 [JavaFX Application Thread] DEBUG AssetLoader          - Loading from cache: /assets/textures/wood.png
19:44:26.801 [JavaFX Application Thread] DEBUG AssetLoader          - Loading from cache: /assets/textures/metal.png
19:44:26.802 [JavaFX Application Thread] DEBUG AssetLoader          - Loading from cache: /assets/textures/metal.png
19:44:26.803 [JavaFX Application Thread] DEBUG AssetLoader          - Loading from cache: /assets/textures/metal.png
19:44:26.804 [JavaFX Application Thread] DEBUG AssetLoader          - Loading from cache: /assets/textures/wood.png
19:44:26.805 [JavaFX Application Thread] DEBUG AssetLoader          - Loading from cache: /assets/textures/wood.png
19:44:26.806 [JavaFX Application Thread] DEBUG AssetLoader          - Loading from cache: /assets/textures/wood.png
19:44:26.807 [JavaFX Application Thread] DEBUG AssetLoader          - Loading from cache: /assets/textures/golden.png
19:44:26.807 [JavaFX Application Thread] DEBUG AssetLoader          - Loading from cache: /assets/textures/metal.png
19:44:26.808 [JavaFX Application Thread] DEBUG AssetLoader          - Loading from cache: /assets/textures/wood.png
19:44:26.809 [JavaFX Application Thread] DEBUG AssetLoader          - Loading from cache: /assets/textures/wood.png
19:44:26.810 [JavaFX Application Thread] DEBUG AssetLoader          - Loading from cache: /assets/textures/metal.png
19:44:26.810 [JavaFX Application Thread] DEBUG AssetLoader          - Loading from cache: /assets/textures/wood.png
19:44:26.811 [JavaFX Application Thread] DEBUG AssetLoader          - Loading from cache: /assets/textures/wood.png
19:44:26.811 [JavaFX Application Thread] DEBUG AssetLoader          - Loading from cache: /assets/textures/glass.png
19:44:26.812 [JavaFX Application Thread] DEBUG AssetLoader          - Loading from cache: /assets/textures/golden.png
19:44:26.813 [JavaFX Application Thread] DEBUG AssetLoader          - Loading from cache: /assets/textures/wood.png
19:44:26.814 [JavaFX Application Thread] DEBUG AssetLoader          - Loading from cache: /assets/textures/golden.png
19:44:26.815 [JavaFX Application Thread] DEBUG AssetLoader          - Loading from cache: /assets/textures/wood.png
19:44:26.816 [JavaFX Application Thread] DEBUG AssetLoader          - Loading from cache: /assets/textures/wood.png
19:44:26.817 [JavaFX Application Thread] DEBUG AssetLoader          - Loading from cache: /assets/textures/wood.png
19:44:26.817 [JavaFX Application Thread] DEBUG AssetLoader          - Loading from cache: /assets/textures/wood.png
19:44:26.818 [JavaFX Application Thread] DEBUG AssetLoader          - Loading from cache: /assets/textures/metal.png
19:44:26.819 [JavaFX Application Thread] DEBUG AssetLoader          - Loading from cache: /assets/textures/metal.png
19:44:26.820 [JavaFX Application Thread] DEBUG AssetLoader          - Loading from cache: /assets/textures/wood.png
19:44:26.821 [JavaFX Application Thread] DEBUG AssetLoader          - Loading from cache: /assets/textures/golden.png
19:44:26.822 [JavaFX Application Thread] DEBUG AssetLoader          - Loading from cache: /assets/textures/wood.png
19:44:26.823 [JavaFX Application Thread] DEBUG AssetLoader          - Loading from cache: /assets/textures/metal.png
19:44:26.823 [JavaFX Application Thread] DEBUG AssetLoader          - Loading from cache: /assets/textures/wood.png
19:44:26.824 [JavaFX Application Thread] DEBUG AssetLoader          - Loading from cache: /assets/textures/wood.png
19:44:26.825 [JavaFX Application Thread] DEBUG AssetLoader          - Loading from cache: /assets/textures/wood.png
19:44:26.826 [JavaFX Application Thread] DEBUG AssetLoader          - Loading from cache: /assets/textures/glass.png
19:44:26.827 [JavaFX Application Thread] DEBUG AssetLoader          - Loading from cache: /assets/textures/wood.png
19:44:26.828 [JavaFX Application Thread] DEBUG AssetLoader          - Loading from cache: /assets/textures/wood.png
19:44:26.829 [JavaFX Application Thread] DEBUG AssetLoader          - Loading from cache: /assets/textures/wood.png
19:44:26.829 [JavaFX Application Thread] DEBUG AssetLoader          - Loading from cache: /assets/textures/wood.png
19:44:26.830 [JavaFX Application Thread] DEBUG AssetLoader          - Loading from cache: /assets/textures/wood.png
19:44:26.910 [JavaFX Application Thread] DEBUG AssetLoader          - Loading from cache: /assets/textures/ball.png
19:44:28.381 [JavaFX Application Thread] DEBUG AssetLoader          - Loading from disk: /assets/textures/woodcracked.png
19:44:28.891 [JavaFX Application Thread] DEBUG AssetLoader          - Loading from cache: /assets/textures/ball.png
19:44:29.855 [JavaFX Application Thread] DEBUG FXGL                 - Exiting FXGL
19:44:29.855 [JavaFX Application Thread] DEBUG FXGL                 - Shutting down background threads
19:44:29.855 [JavaFX Application Thread] DEBUG FXGL                 - Saving FXGL system data
19:44:29.858 [JavaFX Application Thread] DEBUG DesktopFSService     - Writing to: system\fxgl.bundle
19:44:29.863 [JavaFX Application Thread] DEBUG FXGL                 - Closing logger and exiting JavaFX
